Removed Pin From Net: NetName=GND Pin=Q1-1
Removed Pin From Net: NetName=GND Pin=Q2-1
Removed Pin From Net: NetName=GND Pin=Q3-1
Removed Pin From Net: NetName=GND Pin=Q4-1
Removed Pin From Net: NetName=GND Pin=Q5-1
Removed Pin From Net: NetName=GND Pin=Q6-1
Removed Pin From Net: NetName=GND Pin=Q7-1
Removed Pin From Net: NetName=GND Pin=Q8-1
Removed Pin From Net: NetName=GND Pin=Q9-1
Removed Pin From Net: NetName=GND Pin=Q10-1
Removed Pin From Net: NetName=GND Pin=Q11-1
Removed Member From Class: ClassName=Charge_station Member=U?
Change Component Footprint: Designator=X1 Old Footprint=CON2 New Footprint=CON4_bat
Change Component Footprint: Designator=X2 Old Footprint=CON2 New Footprint=CON4_bat
Change Component Designator: OldDesignator=U23 NewDesignator=U24
Change Component Designator: OldDesignator=U? NewDesignator=U23
Change Component Designator: OldDesignator=X1 NewDesignator=X11
Change Component Designator: OldDesignator=X2 NewDesignator=X12
Added Component: Designator=X1(CON4_bat)
Add component (AddParameter): Name = "BOM"; Value = "Аккумулятор литий ионный    LP401230 Robiton"; VariantName = "[No Variations]"
Add component (AddParameter): Name = "Footprint_Description"; Value = "Custom"; VariantName = "[No Variations]"
Add component (AddParameter): Name = "Human_Readable"; Value = "Аккумулятор литий ионный"; VariantName = "[No Variations]"
Add component (AddParameter): Name = "Manufacturer"; Value = "Robiton"; VariantName = "[No Variations]"
Add component (AddParameter): Name = "ManufacturerPartnumber"; Value = "LP401230"; VariantName = "[No Variations]"
Added Component: Designator=X2(CON4_bat)
Add component (AddParameter): Name = "BOM"; Value = "Аккумулятор литий ионный    LP401230 Robiton"; VariantName = "[No Variations]"
Add component (AddParameter): Name = "Footprint_Description"; Value = "Custom"; VariantName = "[No Variations]"
Add component (AddParameter): Name = "Human_Readable"; Value = "Аккумулятор литий ионный"; VariantName = "[No Variations]"
Add component (AddParameter): Name = "Manufacturer"; Value = "Robiton"; VariantName = "[No Variations]"
Add component (AddParameter): Name = "ManufacturerPartnumber"; Value = "LP401230"; VariantName = "[No Variations]"
Added Component: Designator=X3(CON4_bat)
Add component (AddParameter): Name = "BOM"; Value = "Аккумулятор литий ионный    LP401230 Robiton"; VariantName = "[No Variations]"
Add component (AddParameter): Name = "Footprint_Description"; Value = "Custom"; VariantName = "[No Variations]"
Add component (AddParameter): Name = "Human_Readable"; Value = "Аккумулятор литий ионный"; VariantName = "[No Variations]"
Add component (AddParameter): Name = "Manufacturer"; Value = "Robiton"; VariantName = "[No Variations]"
Add component (AddParameter): Name = "ManufacturerPartnumber"; Value = "LP401230"; VariantName = "[No Variations]"
Added Component: Designator=X4(CON4_bat)
Add component (AddParameter): Name = "BOM"; Value = "Аккумулятор литий ионный    LP401230 Robiton"; VariantName = "[No Variations]"
Add component (AddParameter): Name = "Footprint_Description"; Value = "Custom"; VariantName = "[No Variations]"
Add component (AddParameter): Name = "Human_Readable"; Value = "Аккумулятор литий ионный"; VariantName = "[No Variations]"
Add component (AddParameter): Name = "Manufacturer"; Value = "Robiton"; VariantName = "[No Variations]"
Add component (AddParameter): Name = "ManufacturerPartnumber"; Value = "LP401230"; VariantName = "[No Variations]"
Added Component: Designator=X5(CON4_bat)
Add component (AddParameter): Name = "BOM"; Value = "Аккумулятор литий ионный    LP401230 Robiton"; VariantName = "[No Variations]"
Add component (AddParameter): Name = "Footprint_Description"; Value = "Custom"; VariantName = "[No Variations]"
Add component (AddParameter): Name = "Human_Readable"; Value = "Аккумулятор литий ионный"; VariantName = "[No Variations]"
Add component (AddParameter): Name = "Manufacturer"; Value = "Robiton"; VariantName = "[No Variations]"
Add component (AddParameter): Name = "ManufacturerPartnumber"; Value = "LP401230"; VariantName = "[No Variations]"
Added Component: Designator=X6(CON4_bat)
Add component (AddParameter): Name = "BOM"; Value = "Аккумулятор литий ионный    LP401230 Robiton"; VariantName = "[No Variations]"
Add component (AddParameter): Name = "Footprint_Description"; Value = "Custom"; VariantName = "[No Variations]"
Add component (AddParameter): Name = "Human_Readable"; Value = "Аккумулятор литий ионный"; VariantName = "[No Variations]"
Add component (AddParameter): Name = "Manufacturer"; Value = "Robiton"; VariantName = "[No Variations]"
Add component (AddParameter): Name = "ManufacturerPartnumber"; Value = "LP401230"; VariantName = "[No Variations]"
Added Component: Designator=X7(CON4_bat)
Add component (AddParameter): Name = "BOM"; Value = "Аккумулятор литий ионный    LP401230 Robiton"; VariantName = "[No Variations]"
Add component (AddParameter): Name = "Footprint_Description"; Value = "Custom"; VariantName = "[No Variations]"
Add component (AddParameter): Name = "Human_Readable"; Value = "Аккумулятор литий ионный"; VariantName = "[No Variations]"
Add component (AddParameter): Name = "Manufacturer"; Value = "Robiton"; VariantName = "[No Variations]"
Add component (AddParameter): Name = "ManufacturerPartnumber"; Value = "LP401230"; VariantName = "[No Variations]"
Added Component: Designator=X8(CON4_bat)
Add component (AddParameter): Name = "BOM"; Value = "Аккумулятор литий ионный    LP401230 Robiton"; VariantName = "[No Variations]"
Add component (AddParameter): Name = "Footprint_Description"; Value = "Custom"; VariantName = "[No Variations]"
Add component (AddParameter): Name = "Human_Readable"; Value = "Аккумулятор литий ионный"; VariantName = "[No Variations]"
Add component (AddParameter): Name = "Manufacturer"; Value = "Robiton"; VariantName = "[No Variations]"
Add component (AddParameter): Name = "ManufacturerPartnumber"; Value = "LP401230"; VariantName = "[No Variations]"
Added Component: Designator=X9(CON4_bat)
Add component (AddParameter): Name = "BOM"; Value = "Аккумулятор литий ионный    LP401230 Robiton"; VariantName = "[No Variations]"
Add component (AddParameter): Name = "Footprint_Description"; Value = "Custom"; VariantName = "[No Variations]"
Add component (AddParameter): Name = "Human_Readable"; Value = "Аккумулятор литий ионный"; VariantName = "[No Variations]"
Add component (AddParameter): Name = "Manufacturer"; Value = "Robiton"; VariantName = "[No Variations]"
Add component (AddParameter): Name = "ManufacturerPartnumber"; Value = "LP401230"; VariantName = "[No Variations]"
Added Component: Designator=X10(CON4_bat)
Add component (AddParameter): Name = "BOM"; Value = "Аккумулятор литий ионный    LP401230 Robiton"; VariantName = "[No Variations]"
Add component (AddParameter): Name = "Footprint_Description"; Value = "Custom"; VariantName = "[No Variations]"
Add component (AddParameter): Name = "Human_Readable"; Value = "Аккумулятор литий ионный"; VariantName = "[No Variations]"
Add component (AddParameter): Name = "Manufacturer"; Value = "Robiton"; VariantName = "[No Variations]"
Add component (AddParameter): Name = "ManufacturerPartnumber"; Value = "LP401230"; VariantName = "[No Variations]"
Added Component: Designator=X13(CON4_bat)
Add component (AddParameter): Name = "BOM"; Value = "Аккумулятор литий ионный    LP401230 Robiton"; VariantName = "[No Variations]"
Add component (AddParameter): Name = "Footprint_Description"; Value = "Custom"; VariantName = "[No Variations]"
Add component (AddParameter): Name = "Human_Readable"; Value = "Аккумулятор литий ионный"; VariantName = "[No Variations]"
Add component (AddParameter): Name = "Manufacturer"; Value = "Robiton"; VariantName = "[No Variations]"
Add component (AddParameter): Name = "ManufacturerPartnumber"; Value = "LP401230"; VariantName = "[No Variations]"
Added Pin To Net: NetName=Charge_Bat_WS_1 Pin=X1-1
Added Pin To Net: NetName=Charge_Bat_WS_2 Pin=X2-1
Added Pin To Net: NetName=Charge_Bat_WS_3 Pin=X3-1
Added Pin To Net: NetName=Charge_Bat_WS_4 Pin=X4-1
Added Pin To Net: NetName=Charge_Bat_WS_5 Pin=X5-1
Added Pin To Net: NetName=Charge_Bat_WS_6 Pin=X6-1
Added Pin To Net: NetName=Charge_Bat_WS_7 Pin=X7-1
Added Pin To Net: NetName=Charge_Bat_WS_8 Pin=X8-1
Added Pin To Net: NetName=Charge_Bat_WS_9 Pin=X9-1
Added Pin To Net: NetName=Charge_Bat_WS_10 Pin=X10-1
Added Pin To Net: NetName=NetC34_2 Pin=X13-1
Added Pin To Net: NetName=BAT_GND_MAIN Pin=Q11-1
Added Pin To Net: NetName=BAT_GND_MAIN Pin=X13-2
Added Net: Name=BAT_GND_MAIN
Added Pin To Net: NetName=BAT_GND_WS1 Pin=Q1-1
Added Pin To Net: NetName=BAT_GND_WS1 Pin=X1-2
Added Net: Name=BAT_GND_WS1
Added Pin To Net: NetName=BAT_GND_WS2 Pin=Q2-1
Added Pin To Net: NetName=BAT_GND_WS2 Pin=X2-2
Added Net: Name=BAT_GND_WS2
Added Pin To Net: NetName=BAT_GND_WS3 Pin=Q3-1
Added Pin To Net: NetName=BAT_GND_WS3 Pin=X3-2
Added Net: Name=BAT_GND_WS3
Added Pin To Net: NetName=BAT_GND_WS4 Pin=Q4-1
Added Pin To Net: NetName=BAT_GND_WS4 Pin=X4-2
Added Net: Name=BAT_GND_WS4
Added Pin To Net: NetName=BAT_GND_WS5 Pin=Q5-1
Added Pin To Net: NetName=BAT_GND_WS5 Pin=X5-2
Added Net: Name=BAT_GND_WS5
Added Pin To Net: NetName=BAT_GND_WS6 Pin=Q6-1
Added Pin To Net: NetName=BAT_GND_WS6 Pin=X6-2
Added Net: Name=BAT_GND_WS6
Added Pin To Net: NetName=BAT_GND_WS7 Pin=Q7-1
Added Pin To Net: NetName=BAT_GND_WS7 Pin=X7-2
Added Net: Name=BAT_GND_WS7
Added Pin To Net: NetName=BAT_GND_WS8 Pin=Q8-1
Added Pin To Net: NetName=BAT_GND_WS8 Pin=X8-2
Added Net: Name=BAT_GND_WS8
Added Pin To Net: NetName=BAT_GND_WS9 Pin=Q9-1
Added Pin To Net: NetName=BAT_GND_WS9 Pin=X9-2
Added Net: Name=BAT_GND_WS9
Added Pin To Net: NetName=BAT_GND_WS10 Pin=Q10-1
Added Pin To Net: NetName=BAT_GND_WS10 Pin=X10-2
Added Net: Name=BAT_GND_WS10
Added Member To Class: ClassName=Charge_station Member=Component U24 DW01A
Added Member To Class: ClassName=Charge_station Member=Component X3 CON2
Added Member To Class: ClassName=Charge_station Member=Component X4 CON2
Added Member To Class: ClassName=Charge_station Member=Component X5 CON2
Added Member To Class: ClassName=Charge_station Member=Component X6 CON2
Added Member To Class: ClassName=Charge_station Member=Component X7 CON2
Added Member To Class: ClassName=Charge_station Member=Component X8 CON2
Added Member To Class: ClassName=Charge_station Member=Component X9 CON2
Added Member To Class: ClassName=Charge_station Member=Component X10 CON2
Added Member To Class: ClassName=Charge_station Member=Component X11 CON2
Added Member To Class: ClassName=Charge_station Member=Component X12 CON2
Added Member To Class: ClassName=Charge_station Member=Component X13 CON2
Added Room: Name=Charge_station
