Removed Pin From Net: NetName=Vin Pin=C32-2
Removed Pin From Net: NetName=NetC35_2 Pin=D2-2
Removed Pin From Net: NetName=BAT_GND_WS1 Pin=Q1-1
Removed Pin From Net: NetName=GND Pin=Q1-3
Removed Pin From Net: NetName=BAT_GND_WS2 Pin=Q2-1
Removed Pin From Net: NetName=GND Pin=Q2-3
Removed Pin From Net: NetName=BAT_GND_WS3 Pin=Q3-1
Removed Pin From Net: NetName=GND Pin=Q3-3
Removed Pin From Net: NetName=BAT_GND_WS4 Pin=Q4-1
Removed Pin From Net: NetName=GND Pin=Q4-3
Removed Pin From Net: NetName=BAT_GND_WS5 Pin=Q5-1
Removed Pin From Net: NetName=GND Pin=Q5-3
Removed Pin From Net: NetName=BAT_GND_WS6 Pin=Q6-1
Removed Pin From Net: NetName=GND Pin=Q6-3
Removed Pin From Net: NetName=BAT_GND_WS7 Pin=Q7-1
Removed Pin From Net: NetName=GND Pin=Q7-3
Removed Pin From Net: NetName=BAT_GND_WS8 Pin=Q8-1
Removed Pin From Net: NetName=GND Pin=Q8-3
Removed Pin From Net: NetName=BAT_GND_WS9 Pin=Q9-1
Removed Pin From Net: NetName=GND Pin=Q9-3
Removed Pin From Net: NetName=BAT_GND_WS10 Pin=Q10-1
Removed Pin From Net: NetName=GND Pin=Q10-3
Removed Pin From Net: NetName=BAT_GND_MAIN Pin=Q11-1
Removed Pin From Net: NetName=GND Pin=Q11-3
Removed Pin From Net: NetName=GND Pin=R11-1
Removed Pin From Net: NetName=GND Pin=R12-1
Removed Pin From Net: NetName=GND Pin=R13-1
Removed Pin From Net: NetName=GND Pin=R14-1
Removed Pin From Net: NetName=GND Pin=R15-1
Removed Pin From Net: NetName=GND Pin=R26-1
Removed Pin From Net: NetName=GND Pin=R27-1
Removed Pin From Net: NetName=GND Pin=R28-1
Removed Pin From Net: NetName=GND Pin=R29-1
Removed Pin From Net: NetName=GND Pin=R30-1
Removed Pin From Net: NetName=GND Pin=R35-1
Removed Pin From Net: NetName=Charge_Bat_WS_1 Pin=X1-1
Removed Pin From Net: NetName=Charge_Bat_WS_1 Pin=X1-2
Removed Pin From Net: NetName=Charge_Bat_WS_2 Pin=X2-1
Removed Pin From Net: NetName=Charge_Bat_WS_2 Pin=X2-2
Removed Pin From Net: NetName=Charge_Bat_WS_3 Pin=X3-1
Removed Pin From Net: NetName=Charge_Bat_WS_3 Pin=X3-2
Removed Pin From Net: NetName=Charge_Bat_WS_4 Pin=X4-1
Removed Pin From Net: NetName=Charge_Bat_WS_4 Pin=X4-2
Removed Pin From Net: NetName=Charge_Bat_WS_5 Pin=X5-1
Removed Pin From Net: NetName=Charge_Bat_WS_5 Pin=X5-2
Removed Pin From Net: NetName=Charge_Bat_WS_6 Pin=X6-1
Removed Pin From Net: NetName=Charge_Bat_WS_6 Pin=X6-2
Removed Pin From Net: NetName=Charge_Bat_WS_7 Pin=X7-1
Removed Pin From Net: NetName=Charge_Bat_WS_7 Pin=X7-2
Removed Pin From Net: NetName=Charge_Bat_WS_8 Pin=X8-1
Removed Pin From Net: NetName=Charge_Bat_WS_8 Pin=X8-2
Removed Pin From Net: NetName=Charge_Bat_WS_9 Pin=X9-1
Removed Pin From Net: NetName=Charge_Bat_WS_9 Pin=X9-2
Removed Pin From Net: NetName=Charge_Bat_WS_10 Pin=X10-1
Removed Pin From Net: NetName=Charge_Bat_WS_10 Pin=X10-2
Removed Pin From Net: NetName=NetC35_2 Pin=X13-1
Change Component DesignItemId : Designator=L1 Old DesignItemId=LQH32CN4R7M23L New DesignItemId=B82464G4223M000
Change Component DesignItemId : Designator=D1 Old DesignItemId=RB520S30T1G New DesignItemId=SS34ALH
Change Component DesignItemId : Designator=D2 Old DesignItemId=RB520S30T1G New DesignItemId=SS34ALH
Change Component Footprint: Designator=L1 Old Footprint=IND_LQH32CN4R7M23L New Footprint=IND_B82464G4223M000
Change Component Footprint: Designator=D1 Old Footprint=SOD523 New Footprint=SODFL5226X100N
Change Component Footprint: Designator=D2 Old Footprint=SOD523 New Footprint=SODFL5226X100N
Change Component Comment : Designator=L1 Old Comment=LQH32CN4R7M23L New Comment=B82464G4223M000
Change Component Comment : Designator=D1 Old Comment=RB520S30T1G New Comment=SS34ALH
Change Component Comment : Designator=D2 Old Comment=RB520S30T1G New Comment=SS34ALH
Change Component Description : Designator=D1 Old Description=Diode Schottky 30 V 200mA (DC) Surface Mount SOD-523 New Description=3A, 40V, Schottky Rectifier
Change Component Description : Designator=D2 Old Description=Diode Schottky 30 V 200mA (DC) Surface Mount SOD-523 New Description=3A, 40V, Schottky Rectifier
Change Component Description : Designator=L1 Old Description=Inductor with Inductance: 4.7uH Tol. +/-20%, Package: 1210 _3225_ New Description=
Change component parameters: Designator = "D1" ("D1"); Footprint = "SOD523"; UniqueID = "\YZYKPHEI" ("\YZYKPHEI")
Change component parameters (AddParameter): Name = "Availability"; Value = "Not in stock"; VariantName = "[No Variations]"
Change component parameters (AddParameter): Name = "Check_prices"; Value = "https://www.snapeda.com/parts/SS34ALH/Taiwan+Semiconductor/view-part/?ref=eda"; VariantName = "[No Variations]"
Change component parameters (AddParameter): Name = "MF"; Value = "Taiwan Semiconductor"; VariantName = "[No Variations]"
Change component parameters (AddParameter): Name = "MP"; Value = "SS34ALH"; VariantName = "[No Variations]"
Change component parameters (AddParameter): Name = "Package"; Value = "DO-221AC Taiwan Semiconductor"; VariantName = "[No Variations]"
Change component parameters (AddParameter): Name = "Price"; Value = "None"; VariantName = "[No Variations]"
Change component parameters (AddParameter): Name = "SnapEDA_Link"; Value = "https://www.snapeda.com/parts/SS34ALH/Taiwan+Semiconductor/view-part/?ref=snap"; VariantName = "[No Variations]"
Change component parameters (AddParameter): Name = "Value"; Value = ""; VariantName = "[No Variations]"
Change component parameters: Designator = "D2" ("D2"); Footprint = "SOD523"; UniqueID = "\ZQOCWUCK" ("\ZQOCWUCK")
Change component parameters (AddParameter): Name = "Availability"; Value = "Not in stock"; VariantName = "[No Variations]"
Change component parameters (AddParameter): Name = "Check_prices"; Value = "https://www.snapeda.com/parts/SS34ALH/Taiwan+Semiconductor/view-part/?ref=eda"; VariantName = "[No Variations]"
Change component parameters (AddParameter): Name = "MF"; Value = "Taiwan Semiconductor"; VariantName = "[No Variations]"
Change component parameters (AddParameter): Name = "MP"; Value = "SS34ALH"; VariantName = "[No Variations]"
Change component parameters (AddParameter): Name = "Package"; Value = "DO-221AC Taiwan Semiconductor"; VariantName = "[No Variations]"
Change component parameters (AddParameter): Name = "Price"; Value = "None"; VariantName = "[No Variations]"
Change component parameters (AddParameter): Name = "SnapEDA_Link"; Value = "https://www.snapeda.com/parts/SS34ALH/Taiwan+Semiconductor/view-part/?ref=snap"; VariantName = "[No Variations]"
Change component parameters (AddParameter): Name = "Value"; Value = ""; VariantName = "[No Variations]"
Change component parameters: Designator = "L1" ("L1"); Footprint = "IND_LQH32CN4R7M23L"; UniqueID = "\NHHNYMLU" ("\NHHNYMLU")
Change component parameters (AddParameter): Name = "Check_prices"; Value = "https://www.snapeda.com/parts/B82464G4223M000/TM+Electronics/view-part/?ref=eda"; VariantName = "[No Variations]"
Change component parameters (AddParameter): Name = "Digi-Key_Part_Number"; Value = ""; VariantName = "[No Variations]"
Change component parameters (AddParameter): Name = "MF"; Value = "TDK ELECTRONICS"; VariantName = "[No Variations]"
Change component parameters (AddParameter): Name = "MP"; Value = "B82464G4223M000"; VariantName = "[No Variations]"
Change component parameters (AddParameter): Name = "Package"; Value = "None"; VariantName = "[No Variations]"
Change component parameters (AddParameter): Name = "Purchase-URL"; Value = "https://pricing.snapeda.com/search/part/B82464G4223M000/?ref=eda"; VariantName = "[No Variations]"
Change component parameters (AddParameter): Name = "SnapEDA_Link"; Value = "https://www.snapeda.com/parts/B82464G4223M000/TM+Electronics/view-part/?ref=snap"; VariantName = "[No Variations]"
Change component parameters (AddParameter): Name = "Value"; Value = ""; VariantName = "[No Variations]"
Added Pin To Net: NetName=NetL1_1 Pin=C32-2
Added Pin To Net: NetName=NetC33_2 Pin=D2-2
Added Pin To Net: NetName=GND Pin=Q1-1
Added Pin To Net: NetName=BAT_GND_WS1 Pin=Q1-3
Added Pin To Net: NetName=GND Pin=Q2-1
Added Pin To Net: NetName=BAT_GND_WS2 Pin=Q2-3
Added Pin To Net: NetName=GND Pin=Q3-1
Added Pin To Net: NetName=BAT_GND_WS3 Pin=Q3-3
Added Pin To Net: NetName=GND Pin=Q4-1
Added Pin To Net: NetName=BAT_GND_WS4 Pin=Q4-3
Added Pin To Net: NetName=GND Pin=Q5-1
Added Pin To Net: NetName=BAT_GND_WS5 Pin=Q5-3
Added Pin To Net: NetName=GND Pin=Q6-1
Added Pin To Net: NetName=BAT_GND_WS6 Pin=Q6-3
Added Pin To Net: NetName=GND Pin=Q7-1
Added Pin To Net: NetName=BAT_GND_WS7 Pin=Q7-3
Added Pin To Net: NetName=GND Pin=Q8-1
Added Pin To Net: NetName=BAT_GND_WS8 Pin=Q8-3
Added Pin To Net: NetName=GND Pin=Q9-1
Added Pin To Net: NetName=BAT_GND_WS9 Pin=Q9-3
Added Pin To Net: NetName=GND Pin=Q10-1
Added Pin To Net: NetName=BAT_GND_WS10 Pin=Q10-3
Added Pin To Net: NetName=GND Pin=Q11-1
Added Pin To Net: NetName=BAT_GND_MAIN Pin=Q11-3
Added Pin To Net: NetName=BAT_GND_WS1 Pin=R11-1
Added Pin To Net: NetName=BAT_GND_WS2 Pin=R12-1
Added Pin To Net: NetName=BAT_GND_WS3 Pin=R13-1
Added Pin To Net: NetName=BAT_GND_WS4 Pin=R14-1
Added Pin To Net: NetName=BAT_GND_WS5 Pin=R15-1
Added Pin To Net: NetName=BAT_GND_WS6 Pin=R26-1
Added Pin To Net: NetName=BAT_GND_WS7 Pin=R27-1
Added Pin To Net: NetName=BAT_GND_WS8 Pin=R28-1
Added Pin To Net: NetName=BAT_GND_WS9 Pin=R29-1
Added Pin To Net: NetName=BAT_GND_WS10 Pin=R30-1
Added Pin To Net: NetName=BAT_GND_MAIN Pin=R35-1
Added Pin To Net: NetName=NetC6_2 Pin=X1-1
Added Pin To Net: NetName=NetC6_2 Pin=X1-2
Added Pin To Net: NetName=NetC7_2 Pin=X2-1
Added Pin To Net: NetName=NetC7_2 Pin=X2-2
Added Pin To Net: NetName=NetC8_2 Pin=X3-1
Added Pin To Net: NetName=NetC8_2 Pin=X3-2
Added Pin To Net: NetName=NetC9_2 Pin=X4-1
Added Pin To Net: NetName=NetC9_2 Pin=X4-2
Added Pin To Net: NetName=NetC10_2 Pin=X5-1
Added Pin To Net: NetName=NetC10_2 Pin=X5-2
Added Pin To Net: NetName=NetC21_2 Pin=X6-1
Added Pin To Net: NetName=NetC21_2 Pin=X6-2
Added Pin To Net: NetName=NetC22_2 Pin=X7-1
Added Pin To Net: NetName=NetC22_2 Pin=X7-2
Added Pin To Net: NetName=NetC23_2 Pin=X8-1
Added Pin To Net: NetName=NetC23_2 Pin=X8-2
Added Pin To Net: NetName=NetC24_2 Pin=X9-1
Added Pin To Net: NetName=NetC24_2 Pin=X9-2
Added Pin To Net: NetName=NetC25_2 Pin=X10-1
Added Pin To Net: NetName=NetC25_2 Pin=X10-2
Added Pin To Net: NetName=Vin Pin=X13-1
Change Net Name : Old Net Name=Charge_Bat_WS_1 New Net Name=NetC11_2
Change Net Name : Old Net Name=Charge_Bat_WS_2 New Net Name=NetC12_2
Change Net Name : Old Net Name=Charge_Bat_WS_3 New Net Name=NetC13_2
Change Net Name : Old Net Name=Charge_Bat_WS_4 New Net Name=NetC14_2
Change Net Name : Old Net Name=Charge_Bat_WS_5 New Net Name=NetC15_2
Change Net Name : Old Net Name=Charge_Bat_WS_6 New Net Name=NetC26_2
Change Net Name : Old Net Name=Charge_Bat_WS_7 New Net Name=NetC27_2
Change Net Name : Old Net Name=Charge_Bat_WS_8 New Net Name=NetC28_2
Change Net Name : Old Net Name=Charge_Bat_WS_9 New Net Name=NetC29_2
Change Net Name : Old Net Name=Charge_Bat_WS_10 New Net Name=NetC30_2
Change Net Name : Old Net Name=NetC6_2 New Net Name=Charge_Bat_WS_1
Change Net Name : Old Net Name=NetC7_2 New Net Name=Charge_Bat_WS_2
Change Net Name : Old Net Name=NetC8_2 New Net Name=Charge_Bat_WS_3
Change Net Name : Old Net Name=NetC9_2 New Net Name=Charge_Bat_WS_4
Change Net Name : Old Net Name=NetC10_2 New Net Name=Charge_Bat_WS_5
Change Net Name : Old Net Name=NetC21_2 New Net Name=Charge_Bat_WS_6
Change Net Name : Old Net Name=NetC22_2 New Net Name=Charge_Bat_WS_7
Change Net Name : Old Net Name=NetC23_2 New Net Name=Charge_Bat_WS_8
Change Net Name : Old Net Name=NetC24_2 New Net Name=Charge_Bat_WS_9
Change Net Name : Old Net Name=NetC25_2 New Net Name=Charge_Bat_WS_10
Change Net Name : Old Net Name=NetL1_1 New Net Name=NetC32_2
Added Room: Name=Charge_station
