Removed Pin From Net: NetName=BAT_GND_WS1 Pin=Q1-2
Removed Pin From Net: NetName=BAT_GND_WS1 Pin=Q1-3
Removed Pin From Net: NetName=GND Pin=Q1-6
Removed Pin From Net: NetName=GND Pin=Q1-7
Removed Pin From Net: NetName=BAT_GND_WS2 Pin=Q2-2
Removed Pin From Net: NetName=BAT_GND_WS2 Pin=Q2-3
Removed Pin From Net: NetName=GND Pin=Q2-6
Removed Pin From Net: NetName=GND Pin=Q2-7
Removed Pin From Net: NetName=BAT_GND_WS3 Pin=Q3-2
Removed Pin From Net: NetName=BAT_GND_WS3 Pin=Q3-3
Removed Pin From Net: NetName=GND Pin=Q3-6
Removed Pin From Net: NetName=GND Pin=Q3-7
Removed Pin From Net: NetName=BAT_GND_WS4 Pin=Q4-2
Removed Pin From Net: NetName=BAT_GND_WS4 Pin=Q4-3
Removed Pin From Net: NetName=GND Pin=Q4-6
Removed Pin From Net: NetName=GND Pin=Q4-7
Removed Pin From Net: NetName=BAT_GND_WS5 Pin=Q5-2
Removed Pin From Net: NetName=BAT_GND_WS5 Pin=Q5-3
Removed Pin From Net: NetName=GND Pin=Q5-6
Removed Pin From Net: NetName=GND Pin=Q5-7
Removed Pin From Net: NetName=BAT_GND_WS6 Pin=Q6-2
Removed Pin From Net: NetName=BAT_GND_WS6 Pin=Q6-3
Removed Pin From Net: NetName=GND Pin=Q6-6
Removed Pin From Net: NetName=GND Pin=Q6-7
Removed Pin From Net: NetName=BAT_GND_WS7 Pin=Q7-2
Removed Pin From Net: NetName=BAT_GND_WS7 Pin=Q7-3
Removed Pin From Net: NetName=GND Pin=Q7-6
Removed Pin From Net: NetName=GND Pin=Q7-7
Removed Pin From Net: NetName=BAT_GND_WS8 Pin=Q8-2
Removed Pin From Net: NetName=BAT_GND_WS8 Pin=Q8-3
Removed Pin From Net: NetName=GND Pin=Q8-6
Removed Pin From Net: NetName=GND Pin=Q8-7
Removed Pin From Net: NetName=BAT_GND_WS9 Pin=Q9-2
Removed Pin From Net: NetName=BAT_GND_WS9 Pin=Q9-3
Removed Pin From Net: NetName=GND Pin=Q9-6
Removed Pin From Net: NetName=GND Pin=Q9-7
Removed Pin From Net: NetName=BAT_GND_WS10 Pin=Q10-2
Removed Pin From Net: NetName=BAT_GND_WS10 Pin=Q10-3
Removed Pin From Net: NetName=GND Pin=Q10-6
Removed Pin From Net: NetName=GND Pin=Q10-7
Removed Pin From Net: NetName=BAT_GND_MAIN Pin=Q11-2
Removed Pin From Net: NetName=BAT_GND_MAIN Pin=Q11-3
Removed Pin From Net: NetName=GND Pin=Q11-6
Removed Pin From Net: NetName=GND Pin=Q11-7
Removed Pin From Net: NetName=NetQ1_4 Pin=U6-1
Removed Pin From Net: NetName=NetQ1_5 Pin=U6-3
Removed Pin From Net: NetName=NetQ2_4 Pin=U7-1
Removed Pin From Net: NetName=NetQ2_5 Pin=U7-3
Removed Pin From Net: NetName=NetQ3_4 Pin=U8-1
Removed Pin From Net: NetName=NetQ3_5 Pin=U8-3
Removed Pin From Net: NetName=NetQ4_4 Pin=U9-1
Removed Pin From Net: NetName=NetQ4_5 Pin=U9-3
Removed Pin From Net: NetName=NetQ5_4 Pin=U10-1
Removed Pin From Net: NetName=NetQ5_5 Pin=U10-3
Removed Pin From Net: NetName=NetQ6_4 Pin=U16-1
Removed Pin From Net: NetName=NetQ6_5 Pin=U16-3
Removed Pin From Net: NetName=NetQ7_4 Pin=U17-1
Removed Pin From Net: NetName=NetQ7_5 Pin=U17-3
Removed Pin From Net: NetName=NetQ8_4 Pin=U18-1
Removed Pin From Net: NetName=NetQ8_5 Pin=U18-3
Removed Pin From Net: NetName=NetQ9_4 Pin=U19-1
Removed Pin From Net: NetName=NetQ9_5 Pin=U19-3
Removed Pin From Net: NetName=NetQ10_4 Pin=U20-1
Removed Pin From Net: NetName=NetQ10_5 Pin=U20-3
Removed Pin From Net: NetName=NetQ11_4 Pin=U23-1
Removed Pin From Net: NetName=NetQ11_5 Pin=U23-3
Added Pin To Net: NetName=GND Pin=Q1-2
Added Pin To Net: NetName=GND Pin=Q1-3
Added Pin To Net: NetName=BAT_GND_WS1 Pin=Q1-6
Added Pin To Net: NetName=BAT_GND_WS1 Pin=Q1-7
Added Pin To Net: NetName=GND Pin=Q2-2
Added Pin To Net: NetName=GND Pin=Q2-3
Added Pin To Net: NetName=BAT_GND_WS2 Pin=Q2-6
Added Pin To Net: NetName=BAT_GND_WS2 Pin=Q2-7
Added Pin To Net: NetName=GND Pin=Q3-2
Added Pin To Net: NetName=GND Pin=Q3-3
Added Pin To Net: NetName=BAT_GND_WS3 Pin=Q3-6
Added Pin To Net: NetName=BAT_GND_WS3 Pin=Q3-7
Added Pin To Net: NetName=GND Pin=Q4-2
Added Pin To Net: NetName=GND Pin=Q4-3
Added Pin To Net: NetName=BAT_GND_WS4 Pin=Q4-6
Added Pin To Net: NetName=BAT_GND_WS4 Pin=Q4-7
Added Pin To Net: NetName=GND Pin=Q5-2
Added Pin To Net: NetName=GND Pin=Q5-3
Added Pin To Net: NetName=BAT_GND_WS5 Pin=Q5-6
Added Pin To Net: NetName=BAT_GND_WS5 Pin=Q5-7
Added Pin To Net: NetName=GND Pin=Q6-2
Added Pin To Net: NetName=GND Pin=Q6-3
Added Pin To Net: NetName=BAT_GND_WS6 Pin=Q6-6
Added Pin To Net: NetName=BAT_GND_WS6 Pin=Q6-7
Added Pin To Net: NetName=GND Pin=Q7-2
Added Pin To Net: NetName=GND Pin=Q7-3
Added Pin To Net: NetName=BAT_GND_WS7 Pin=Q7-6
Added Pin To Net: NetName=BAT_GND_WS7 Pin=Q7-7
Added Pin To Net: NetName=GND Pin=Q8-2
Added Pin To Net: NetName=GND Pin=Q8-3
Added Pin To Net: NetName=BAT_GND_WS8 Pin=Q8-6
Added Pin To Net: NetName=BAT_GND_WS8 Pin=Q8-7
Added Pin To Net: NetName=GND Pin=Q9-2
Added Pin To Net: NetName=GND Pin=Q9-3
Added Pin To Net: NetName=BAT_GND_WS9 Pin=Q9-6
Added Pin To Net: NetName=BAT_GND_WS9 Pin=Q9-7
Added Pin To Net: NetName=GND Pin=Q10-2
Added Pin To Net: NetName=GND Pin=Q10-3
Added Pin To Net: NetName=BAT_GND_WS10 Pin=Q10-6
Added Pin To Net: NetName=BAT_GND_WS10 Pin=Q10-7
Added Pin To Net: NetName=GND Pin=Q11-2
Added Pin To Net: NetName=GND Pin=Q11-3
Added Pin To Net: NetName=BAT_GND_MAIN Pin=Q11-6
Added Pin To Net: NetName=BAT_GND_MAIN Pin=Q11-7
Added Pin To Net: NetName=NetQ1_5 Pin=U6-1
Added Pin To Net: NetName=NetQ1_4 Pin=U6-3
Added Pin To Net: NetName=NetQ2_5 Pin=U7-1
Added Pin To Net: NetName=NetQ2_4 Pin=U7-3
Added Pin To Net: NetName=NetQ3_5 Pin=U8-1
Added Pin To Net: NetName=NetQ3_4 Pin=U8-3
Added Pin To Net: NetName=NetQ4_5 Pin=U9-1
Added Pin To Net: NetName=NetQ4_4 Pin=U9-3
Added Pin To Net: NetName=NetQ5_5 Pin=U10-1
Added Pin To Net: NetName=NetQ5_4 Pin=U10-3
Added Pin To Net: NetName=NetQ6_5 Pin=U16-1
Added Pin To Net: NetName=NetQ6_4 Pin=U16-3
Added Pin To Net: NetName=NetQ7_5 Pin=U17-1
Added Pin To Net: NetName=NetQ7_4 Pin=U17-3
Added Pin To Net: NetName=NetQ8_5 Pin=U18-1
Added Pin To Net: NetName=NetQ8_4 Pin=U18-3
Added Pin To Net: NetName=NetQ9_5 Pin=U19-1
Added Pin To Net: NetName=NetQ9_4 Pin=U19-3
Added Pin To Net: NetName=NetQ10_5 Pin=U20-1
Added Pin To Net: NetName=NetQ10_4 Pin=U20-3
Added Pin To Net: NetName=NetQ11_5 Pin=U23-1
Added Pin To Net: NetName=NetQ11_4 Pin=U23-3
Added Member To Class: ClassName=Charge_station Member=Component C9 STD_CAP
Added Member To Class: ClassName=Charge_station Member=Component C11 STD_CAP
Added Member To Class: ClassName=Charge_station Member=Component C13 STD_CAP
Added Member To Class: ClassName=Charge_station Member=Component C14 STD_CAP
Added Member To Class: ClassName=Charge_station Member=Component C15 STD_CAP
Added Member To Class: ClassName=Charge_station Member=Component D1 7012X1
Added Member To Class: ClassName=Charge_station Member=Component D2 7012X1
Added Member To Class: ClassName=Charge_station Member=Component R7 STD_RES
Added Member To Class: ClassName=Charge_station Member=Component R9 STD_RES
Added Member To Class: ClassName=Charge_station Member=Component R10 STD_RES
Added Member To Class: ClassName=Charge_station Member=Component R11 STD_RES
Added Member To Class: ClassName=Charge_station Member=Component R12 STD_RES
Added Member To Class: ClassName=Charge_station Member=Component R13 STD_RES
Added Member To Class: ClassName=Charge_station Member=Component R14 STD_RES
Added Member To Class: ClassName=Charge_station Member=Component R15 STD_RES
Added Member To Class: ClassName=Charge_station Member=Component R16 STD_RES
Added Member To Class: ClassName=Charge_station Member=Component R17 STD_RES
Added Member To Class: ClassName=Charge_station Member=Component R18 STD_RES
Added Member To Class: ClassName=Charge_station Member=Component R19 STD_RES
Added Member To Class: ClassName=Charge_station Member=Component R20 STD_RES
Added Member To Class: ClassName=Charge_station Member=Component R21 STD_RES
Added Member To Class: ClassName=Charge_station Member=Component R22 STD_RES
Added Member To Class: ClassName=Charge_station Member=Component R23 STD_RES
Added Member To Class: ClassName=Charge_station Member=Component R24 STD_RES
Added Member To Class: ClassName=Charge_station Member=Component R25 STD_RES
Added Member To Class: ClassName=Charge_station Member=Component R26 STD_RES
Added Member To Class: ClassName=Charge_station Member=Component R27 STD_RES
Added Member To Class: ClassName=Charge_station Member=Component R28 STD_RES
Added Member To Class: ClassName=Charge_station Member=Component R29 STD_RES
Added Member To Class: ClassName=Charge_station Member=Component R30 STD_RES
Added Member To Class: ClassName=Charge_station Member=Component R31 STD_RES
Added Member To Class: ClassName=Charge_station Member=Component R33 STD_RES
Added Member To Class: ClassName=Charge_station Member=Component R34 STD_RES
Added Member To Class: ClassName=Charge_station Member=Component U21 TP4056
Added Room: Name=Charge_station
