Replace Part D21 SS34ALH in C:\Users\Asus\Desktop\Трекер физ состояния\#1420\Charge_station\Charge_station\Charge_station.SchDoc with SS34ALH from SCH_Wearing_sensor.SchLib
Replace Part D22 SS34ALH in C:\Users\Asus\Desktop\Трекер физ состояния\#1420\Charge_station\Charge_station\Charge_station.SchDoc with SS34ALH from SCH_Wearing_sensor.SchLib
Replace Part L1 B82464G4223M000 in C:\Users\Asus\Desktop\Трекер физ состояния\#1420\Charge_station\Charge_station\Charge_station.SchDoc with B82464G4223M000 from SCH_Wearing_sensor.SchLib
Replace Part Q1 FS8205A in C:\Users\Asus\Desktop\Трекер физ состояния\#1420\Charge_station\Charge_station\Charge_station.SchDoc with FS8205A from SCH_Wearing_sensor.SchLib
Replace Part Q2 FS8205A in C:\Users\Asus\Desktop\Трекер физ состояния\#1420\Charge_station\Charge_station\Charge_station.SchDoc with FS8205A from SCH_Wearing_sensor.SchLib
Replace Part Q3 FS8205A in C:\Users\Asus\Desktop\Трекер физ состояния\#1420\Charge_station\Charge_station\Charge_station.SchDoc with FS8205A from SCH_Wearing_sensor.SchLib
Replace Part Q4 FS8205A in C:\Users\Asus\Desktop\Трекер физ состояния\#1420\Charge_station\Charge_station\Charge_station.SchDoc with FS8205A from SCH_Wearing_sensor.SchLib
Replace Part Q5 FS8205A in C:\Users\Asus\Desktop\Трекер физ состояния\#1420\Charge_station\Charge_station\Charge_station.SchDoc with FS8205A from SCH_Wearing_sensor.SchLib
Replace Part Q6 FS8205A in C:\Users\Asus\Desktop\Трекер физ состояния\#1420\Charge_station\Charge_station\Charge_station.SchDoc with FS8205A from SCH_Wearing_sensor.SchLib
Replace Part Q7 FS8205A in C:\Users\Asus\Desktop\Трекер физ состояния\#1420\Charge_station\Charge_station\Charge_station.SchDoc with FS8205A from SCH_Wearing_sensor.SchLib
Replace Part Q8 FS8205A in C:\Users\Asus\Desktop\Трекер физ состояния\#1420\Charge_station\Charge_station\Charge_station.SchDoc with FS8205A from SCH_Wearing_sensor.SchLib
Replace Part Q9 FS8205A in C:\Users\Asus\Desktop\Трекер физ состояния\#1420\Charge_station\Charge_station\Charge_station.SchDoc with FS8205A from SCH_Wearing_sensor.SchLib
Replace Part Q10 FS8205A in C:\Users\Asus\Desktop\Трекер физ состояния\#1420\Charge_station\Charge_station\Charge_station.SchDoc with FS8205A from SCH_Wearing_sensor.SchLib
Replace Part Q11 FS8205A in C:\Users\Asus\Desktop\Трекер физ состояния\#1420\Charge_station\Charge_station\Charge_station.SchDoc with FS8205A from SCH_Wearing_sensor.SchLib
Replace Part U1 TP4056 in C:\Users\Asus\Desktop\Трекер физ состояния\#1420\Charge_station\Charge_station\Charge_station.SchDoc with TP4056 from SCH_Wearing_sensor.SchLib
Replace Part U2 TP4056 in C:\Users\Asus\Desktop\Трекер физ состояния\#1420\Charge_station\Charge_station\Charge_station.SchDoc with TP4056 from SCH_Wearing_sensor.SchLib
Replace Part U3 TP4056 in C:\Users\Asus\Desktop\Трекер физ состояния\#1420\Charge_station\Charge_station\Charge_station.SchDoc with TP4056 from SCH_Wearing_sensor.SchLib
Replace Part U4 TP4056 in C:\Users\Asus\Desktop\Трекер физ состояния\#1420\Charge_station\Charge_station\Charge_station.SchDoc with TP4056 from SCH_Wearing_sensor.SchLib
Replace Part U5 TP4056 in C:\Users\Asus\Desktop\Трекер физ состояния\#1420\Charge_station\Charge_station\Charge_station.SchDoc with TP4056 from SCH_Wearing_sensor.SchLib
Replace Part U6 DW01A in C:\Users\Asus\Desktop\Трекер физ состояния\#1420\Charge_station\Charge_station\Charge_station.SchDoc with DW01A from SCH_Wearing_sensor.SchLib
Replace Part U7 DW01A in C:\Users\Asus\Desktop\Трекер физ состояния\#1420\Charge_station\Charge_station\Charge_station.SchDoc with DW01A from SCH_Wearing_sensor.SchLib
Replace Part U8 DW01A in C:\Users\Asus\Desktop\Трекер физ состояния\#1420\Charge_station\Charge_station\Charge_station.SchDoc with DW01A from SCH_Wearing_sensor.SchLib
Replace Part U9 DW01A in C:\Users\Asus\Desktop\Трекер физ состояния\#1420\Charge_station\Charge_station\Charge_station.SchDoc with DW01A from SCH_Wearing_sensor.SchLib
Replace Part U10 DW01A in C:\Users\Asus\Desktop\Трекер физ состояния\#1420\Charge_station\Charge_station\Charge_station.SchDoc with DW01A from SCH_Wearing_sensor.SchLib
Replace Part U11 TP4056 in C:\Users\Asus\Desktop\Трекер физ состояния\#1420\Charge_station\Charge_station\Charge_station.SchDoc with TP4056 from SCH_Wearing_sensor.SchLib
Replace Part U12 TP4056 in C:\Users\Asus\Desktop\Трекер физ состояния\#1420\Charge_station\Charge_station\Charge_station.SchDoc with TP4056 from SCH_Wearing_sensor.SchLib
Replace Part U13 TP4056 in C:\Users\Asus\Desktop\Трекер физ состояния\#1420\Charge_station\Charge_station\Charge_station.SchDoc with TP4056 from SCH_Wearing_sensor.SchLib
Replace Part U14 TP4056 in C:\Users\Asus\Desktop\Трекер физ состояния\#1420\Charge_station\Charge_station\Charge_station.SchDoc with TP4056 from SCH_Wearing_sensor.SchLib
Replace Part U15 TP4056 in C:\Users\Asus\Desktop\Трекер физ состояния\#1420\Charge_station\Charge_station\Charge_station.SchDoc with TP4056 from SCH_Wearing_sensor.SchLib
Replace Part U16 DW01A in C:\Users\Asus\Desktop\Трекер физ состояния\#1420\Charge_station\Charge_station\Charge_station.SchDoc with DW01A from SCH_Wearing_sensor.SchLib
Replace Part U17 DW01A in C:\Users\Asus\Desktop\Трекер физ состояния\#1420\Charge_station\Charge_station\Charge_station.SchDoc with DW01A from SCH_Wearing_sensor.SchLib
Replace Part U18 DW01A in C:\Users\Asus\Desktop\Трекер физ состояния\#1420\Charge_station\Charge_station\Charge_station.SchDoc with DW01A from SCH_Wearing_sensor.SchLib
Replace Part U19 DW01A in C:\Users\Asus\Desktop\Трекер физ состояния\#1420\Charge_station\Charge_station\Charge_station.SchDoc with DW01A from SCH_Wearing_sensor.SchLib
Replace Part U20 DW01A in C:\Users\Asus\Desktop\Трекер физ состояния\#1420\Charge_station\Charge_station\Charge_station.SchDoc with DW01A from SCH_Wearing_sensor.SchLib
Replace Part U21 TP4056 in C:\Users\Asus\Desktop\Трекер физ состояния\#1420\Charge_station\Charge_station\Charge_station.SchDoc with TP4056 from SCH_Wearing_sensor.SchLib
Replace Part U22 MT3608 in C:\Users\Asus\Desktop\Трекер физ состояния\#1420\Charge_station\Charge_station\Charge_station.SchDoc with MT3608 from SCH_Wearing_sensor.SchLib
Replace Part U23 DW01A in C:\Users\Asus\Desktop\Трекер физ состояния\#1420\Charge_station\Charge_station\Charge_station.SchDoc with DW01A from SCH_Wearing_sensor.SchLib
Replace Part U24 ESP32-DEVKITC-32D in C:\Users\Asus\Desktop\Трекер физ состояния\#1420\Charge_station\Charge_station\Charge_station.SchDoc with ESP32-DEVKITC-32D from SCH_Wearing_sensor.SchLib
Replace Part X1 Charge Connector in C:\Users\Asus\Desktop\Трекер физ состояния\#1420\Charge_station\Charge_station\Charge_station.SchDoc with Charge Connector from SCH_Wearing_sensor.SchLib
Replace Part X2 Charge Connector in C:\Users\Asus\Desktop\Трекер физ состояния\#1420\Charge_station\Charge_station\Charge_station.SchDoc with Charge Connector from SCH_Wearing_sensor.SchLib
Replace Part X3 Charge Connector in C:\Users\Asus\Desktop\Трекер физ состояния\#1420\Charge_station\Charge_station\Charge_station.SchDoc with Charge Connector from SCH_Wearing_sensor.SchLib
Replace Part X4 Charge Connector in C:\Users\Asus\Desktop\Трекер физ состояния\#1420\Charge_station\Charge_station\Charge_station.SchDoc with Charge Connector from SCH_Wearing_sensor.SchLib
Replace Part X5 Charge Connector in C:\Users\Asus\Desktop\Трекер физ состояния\#1420\Charge_station\Charge_station\Charge_station.SchDoc with Charge Connector from SCH_Wearing_sensor.SchLib
Replace Part X6 Charge Connector in C:\Users\Asus\Desktop\Трекер физ состояния\#1420\Charge_station\Charge_station\Charge_station.SchDoc with Charge Connector from SCH_Wearing_sensor.SchLib
Replace Part X7 Charge Connector in C:\Users\Asus\Desktop\Трекер физ состояния\#1420\Charge_station\Charge_station\Charge_station.SchDoc with Charge Connector from SCH_Wearing_sensor.SchLib
Replace Part X8 Charge Connector in C:\Users\Asus\Desktop\Трекер физ состояния\#1420\Charge_station\Charge_station\Charge_station.SchDoc with Charge Connector from SCH_Wearing_sensor.SchLib
Replace Part X9 Charge Connector in C:\Users\Asus\Desktop\Трекер физ состояния\#1420\Charge_station\Charge_station\Charge_station.SchDoc with Charge Connector from SCH_Wearing_sensor.SchLib
Replace Part X10 Charge Connector in C:\Users\Asus\Desktop\Трекер физ состояния\#1420\Charge_station\Charge_station\Charge_station.SchDoc with Charge Connector from SCH_Wearing_sensor.SchLib
Replace Part X11 CON2 in C:\Users\Asus\Desktop\Трекер физ состояния\#1420\Charge_station\Charge_station\Charge_station.SchDoc with CON2 from SCH_Wearing_sensor.SchLib
Replace Part X12 CON2 in C:\Users\Asus\Desktop\Трекер физ состояния\#1420\Charge_station\Charge_station\Charge_station.SchDoc with CON2 from SCH_Wearing_sensor.SchLib
Replace Part X13 CON2 in C:\Users\Asus\Desktop\Трекер физ состояния\#1420\Charge_station\Charge_station\Charge_station.SchDoc with CON2 from SCH_Wearing_sensor.SchLib
